<-= 1 =->
name = Basics
city = Dallas
name = Allied
city = Dallas
<-= 2 =->
name = folder
name = clip
<-= 3 =->
name = Allied
pid = p05
dollars = 1104.00
name = Basics
pid = p03
dollars = 880.00
name = Basics
pid = p03
dollars = 740.00
name = Tiptop
pid = p06
dollars = 720.00
name = Tiptop
pid = p07
dollars = 720.00
name = ACME
pid = p07
dollars = 600.00
name = Tiptop
pid = p03
dollars = 540.00
name = Tiptop
pid = p04
dollars = 540.00
name = ACME
pid = p01
dollars = 500.00
name = ACME
pid = p01
dollars = 460.00
name = Tiptop
pid = p05
dollars = 450.00
name = Tiptop
pid = p01
dollars = 450.00
name = ACME
pid = p01
dollars = 400.00
name = Tiptop
pid = p02
dollars = 180.00
<-= 4 =->
name = ACME
total = 460.00
name = ACME
total = 600.00
name = ACME
total = 500.00
name = ACME
total = 400.00
name = Allied
total = 1104.00
name = Basics
total = 740.00
name = Basics
total = 880.00
name = Tiptop
total = 180.00
name = Tiptop
total = 540.00
name = Tiptop
total = 720.00
name = Tiptop
total = 450.00
name = Tiptop
total = 540.00
name = Tiptop
total = 720.00
name = Tiptop
total = 450.00
<-= 5 =->
name = Basics
name = razor
name = Brown
name = Allied
name = pencil
name = Brown
name = Tiptop
name = pen
name = Brown
name = ACME
name = case
name = Brown
<-= 6 =->
ordno = 1026
mon = may
cid = c002
aid = a05
pid = p03
qty = 800
dollars = 740.00
truedollars = 704.0000000000000000000000
<-= end =->
